<?xml version="1.0" encoding="UTF-8"?>
<!-- Generated by org.testng.reporters.JUnitReportReporter -->
<testsuite hostname="DESKTOP-SHFQC7C" failures="0" tests="1" name="org.practice.TestNG.Contact" time="58.608" errors="0" timestamp="2022-07-20T17:19:27 IST" skipped="0">
  <testcase classname="org.practice.TestNG.Contact" name="deleteorganization" time="58.608"/>
  <system-out/>
</testsuite> <!-- org.practice.TestNG.Contact -->
