<?xml version="1.0" encoding="UTF-8"?>
<!-- Generated by org.testng.reporters.JUnitReportReporter -->
<testsuite hostname="DESKTOP-SHFQC7C" failures="0" tests="1" name="org.practice.TestNG.CreateOrganizationWithIndustryAndTypeTest" time="16.542" errors="0" timestamp="2022-07-17T22:35:28 IST" skipped="0">
  <testcase classname="org.practice.TestNG.CreateOrganizationWithIndustryAndTypeTest" name="creOrganization" time="16.542"/>
  <system-out>
    <![CDATA[Organization  with Industry and type creation is Validated
Organization  with Industry and type creation is not Validated]]>
  </system-out>
</testsuite> <!-- org.practice.TestNG.CreateOrganizationWithIndustryAndTypeTest -->
